[debug] [2020-06-15T04:54:57.085Z] ----------------------------------------------------------------------
[debug] [2020-06-15T04:54:57.087Z] Command:       /usr/local/Cellar/node/14.4.0/bin/node /usr/local/bin/firebase deploy --only functions --debug
[debug] [2020-06-15T04:54:57.088Z] CLI Version:   8.4.2
[debug] [2020-06-15T04:54:57.088Z] Platform:      darwin
[debug] [2020-06-15T04:54:57.088Z] Node Version:  v14.4.0
[debug] [2020-06-15T04:54:57.089Z] Time:          Sun Jun 14 2020 23:54:57 GMT-0500 (Central Daylight Time)
[debug] [2020-06-15T04:54:57.089Z] ----------------------------------------------------------------------
[debug] [2020-06-15T04:54:57.089Z] 
[debug] [2020-06-15T04:54:57.096Z] > command requires scopes: ["email","openid","https://www.googleapis.com/auth/cloudplatformprojects.readonly","https://www.googleapis.com/auth/firebase","https://www.googleapis.com/auth/cloud-platform"]
[debug] [2020-06-15T04:54:57.097Z] > authorizing via signed-in user
[debug] [2020-06-15T04:54:57.098Z] [iam] checking project hooks-news-firebase for permissions ["cloudfunctions.functions.create","cloudfunctions.functions.delete","cloudfunctions.functions.get","cloudfunctions.functions.list","cloudfunctions.functions.update","cloudfunctions.operations.get","firebase.projects.get"]
[debug] [2020-06-15T04:54:57.101Z] >>> HTTP REQUEST POST https://cloudresourcemanager.googleapis.com/v1/projects/hooks-news-firebase:testIamPermissions  
 {"permissions":["cloudfunctions.functions.create","cloudfunctions.functions.delete","cloudfunctions.functions.get","cloudfunctions.functions.list","cloudfunctions.functions.update","cloudfunctions.operations.get","firebase.projects.get"]}
[debug] [2020-06-15T04:54:57.444Z] <<< HTTP RESPONSE 200 {"content-type":"application/json; charset=UTF-8","vary":"X-Origin, Referer, Origin,Accept-Encoding","date":"Mon, 15 Jun 2020 04:54:57 GMT","server":"ESF","cache-control":"private","x-xss-protection":"0","x-frame-options":"SAMEORIGIN","x-content-type-options":"nosniff","server-timing":"gfet4t7; dur=217","alt-svc":"h3-27=\":443\"; ma=2592000,h3-25=\":443\"; ma=2592000,h3-T050=\":443\"; ma=2592000,h3-Q050=\":443\"; ma=2592000,h3-Q049=\":443\"; ma=2592000,h3-Q048=\":443\"; ma=2592000,h3-Q046=\":443\"; ma=2592000,h3-Q043=\":443\"; ma=2592000,quic=\":443\"; ma=2592000; v=\"46,43\"","accept-ranges":"none","transfer-encoding":"chunked"}
[debug] [2020-06-15T04:54:57.445Z] >>> HTTP REQUEST POST https://iam.googleapis.com/v1/projects/hooks-news-firebase/serviceAccounts/hooks-news-firebase@appspot.gserviceaccount.com:testIamPermissions  
 {"permissions":["iam.serviceAccounts.actAs"]}
[debug] [2020-06-15T04:54:57.783Z] <<< HTTP RESPONSE 200 {"content-type":"application/json; charset=UTF-8","vary":"X-Origin, Referer, Origin,Accept-Encoding","date":"Mon, 15 Jun 2020 04:54:57 GMT","server":"ESF","cache-control":"private","x-xss-protection":"0","x-frame-options":"SAMEORIGIN","x-content-type-options":"nosniff","alt-svc":"h3-27=\":443\"; ma=2592000,h3-25=\":443\"; ma=2592000,h3-T050=\":443\"; ma=2592000,h3-Q050=\":443\"; ma=2592000,h3-Q049=\":443\"; ma=2592000,h3-Q048=\":443\"; ma=2592000,h3-Q046=\":443\"; ma=2592000,h3-Q043=\":443\"; ma=2592000,quic=\":443\"; ma=2592000; v=\"46,43\"","accept-ranges":"none","transfer-encoding":"chunked"}
[info] 
[info] === Deploying to 'hooks-news-firebase'...
[info] 
[info] i  deploying functions 
[info] Running command: npm --prefix "$RESOURCE_DIR" run lint
[info] ✔  functions: Finished running predeploy script. 
[debug] [2020-06-15T04:54:59.621Z] > [functions] package.json contents: {
  "name": "functions",
  "description": "Cloud Functions for Firebase",
  "scripts": {
    "serve": "firebase emulators:start --only functions",
    "shell": "firebase functions:shell",
    "start": "npm run shell",
    "deploy": "firebase deploy --only functions",
    "logs": "firebase functions:log",
    "lint": ""
  },
  "engines": {
    "node": "8"
  },
  "dependencies": {
    "firebase-admin": "^8.10.0",
    "firebase-functions": "^3.6.1"
  },
  "devDependencies": {
    "firebase-functions-test": "^0.2.0"
  },
  "private": true
}
[info] i  functions: ensuring required API cloudfunctions.googleapis.com is enabled... 
[debug] [2020-06-15T04:55:00.469Z] [functions] runtime dependency check dates: warning: 2020-05-21T00:00:00.000Z error: 2020-06-23T00:00:00.000Z
[debug] [2020-06-15T04:55:00.469Z] >>> HTTP REQUEST GET https://serviceusage.googleapis.com/v1/projects/hooks-news-firebase/services/cloudfunctions.googleapis.com  
 
[debug] [2020-06-15T04:55:00.470Z] >>> HTTP REQUEST GET https://serviceusage.googleapis.com/v1/projects/hooks-news-firebase/services/runtimeconfig.googleapis.com  
 
[debug] [2020-06-15T04:55:00.858Z] <<< HTTP RESPONSE 200 {"content-type":"application/json; charset=UTF-8","vary":"X-Origin, Referer, Origin,Accept-Encoding","date":"Mon, 15 Jun 2020 04:55:00 GMT","server":"ESF","cache-control":"private","x-xss-protection":"0","x-frame-options":"SAMEORIGIN","x-content-type-options":"nosniff","alt-svc":"h3-27=\":443\"; ma=2592000,h3-25=\":443\"; ma=2592000,h3-T050=\":443\"; ma=2592000,h3-Q050=\":443\"; ma=2592000,h3-Q049=\":443\"; ma=2592000,h3-Q048=\":443\"; ma=2592000,h3-Q046=\":443\"; ma=2592000,h3-Q043=\":443\"; ma=2592000,quic=\":443\"; ma=2592000; v=\"46,43\"","accept-ranges":"none","transfer-encoding":"chunked"}
[debug] [2020-06-15T04:55:00.955Z] <<< HTTP RESPONSE 200 {"content-type":"application/json; charset=UTF-8","vary":"X-Origin, Referer, Origin,Accept-Encoding","date":"Mon, 15 Jun 2020 04:55:00 GMT","server":"ESF","cache-control":"private","x-xss-protection":"0","x-frame-options":"SAMEORIGIN","x-content-type-options":"nosniff","alt-svc":"h3-27=\":443\"; ma=2592000,h3-25=\":443\"; ma=2592000,h3-T050=\":443\"; ma=2592000,h3-Q050=\":443\"; ma=2592000,h3-Q049=\":443\"; ma=2592000,h3-Q048=\":443\"; ma=2592000,h3-Q046=\":443\"; ma=2592000,h3-Q043=\":443\"; ma=2592000,quic=\":443\"; ma=2592000; v=\"46,43\"","accept-ranges":"none","transfer-encoding":"chunked"}
[info] ✔  functions: required API cloudfunctions.googleapis.com is enabled 
[debug] [2020-06-15T04:55:00.956Z] >>> HTTP REQUEST GET https://firebase.googleapis.com/v1beta1/projects/hooks-news-firebase/adminSdkConfig  
 
[debug] [2020-06-15T04:55:01.217Z] <<< HTTP RESPONSE 200 {"content-type":"application/json; charset=UTF-8","vary":"X-Origin, Referer, Origin,Accept-Encoding","date":"Mon, 15 Jun 2020 04:55:01 GMT","server":"ESF","cache-control":"private","x-xss-protection":"0","x-frame-options":"SAMEORIGIN","x-content-type-options":"nosniff","alt-svc":"h3-27=\":443\"; ma=2592000,h3-25=\":443\"; ma=2592000,h3-T050=\":443\"; ma=2592000,h3-Q050=\":443\"; ma=2592000,h3-Q049=\":443\"; ma=2592000,h3-Q048=\":443\"; ma=2592000,h3-Q046=\":443\"; ma=2592000,h3-Q043=\":443\"; ma=2592000,quic=\":443\"; ma=2592000; v=\"46,43\"","accept-ranges":"none","transfer-encoding":"chunked"}
[info] i  functions: preparing functions directory for uploading... 
[debug] [2020-06-15T04:55:01.218Z] >>> HTTP REQUEST GET https://runtimeconfig.googleapis.com/v1beta1/projects/hooks-news-firebase/configs  
 
[debug] [2020-06-15T04:55:01.573Z] <<< HTTP RESPONSE 200 {"content-type":"application/json; charset=UTF-8","vary":"X-Origin, Referer, Origin,Accept-Encoding","date":"Mon, 15 Jun 2020 04:55:01 GMT","server":"ESF","cache-control":"private","x-xss-protection":"0","x-frame-options":"SAMEORIGIN","x-content-type-options":"nosniff","alt-svc":"h3-27=\":443\"; ma=2592000,h3-25=\":443\"; ma=2592000,h3-T050=\":443\"; ma=2592000,h3-Q050=\":443\"; ma=2592000,h3-Q049=\":443\"; ma=2592000,h3-Q048=\":443\"; ma=2592000,h3-Q046=\":443\"; ma=2592000,h3-Q043=\":443\"; ma=2592000,quic=\":443\"; ma=2592000; v=\"46,43\"","accept-ranges":"none","transfer-encoding":"chunked"}
[info] i  functions: packaged functions (26.97 KB) for uploading 
[debug] [2020-06-15T04:55:01.996Z] >>> HTTP REQUEST GET https://cloudfunctions.googleapis.com/v1/projects/hooks-news-firebase/locations/-/functions  
 
[debug] [2020-06-15T04:55:02.397Z] <<< HTTP RESPONSE 200 {"content-type":"application/json; charset=UTF-8","vary":"X-Origin, Referer, Origin,Accept-Encoding","date":"Mon, 15 Jun 2020 04:55:02 GMT","server":"ESF","cache-control":"private","x-xss-protection":"0","x-frame-options":"SAMEORIGIN","x-content-type-options":"nosniff","alt-svc":"h3-27=\":443\"; ma=2592000,h3-25=\":443\"; ma=2592000,h3-T050=\":443\"; ma=2592000,h3-Q050=\":443\"; ma=2592000,h3-Q049=\":443\"; ma=2592000,h3-Q048=\":443\"; ma=2592000,h3-Q046=\":443\"; ma=2592000,h3-Q043=\":443\"; ma=2592000,quic=\":443\"; ma=2592000; v=\"46,43\"","accept-ranges":"none","transfer-encoding":"chunked"}
[debug] [2020-06-15T04:55:02.399Z] [functions] found 1 new HTTP functions, testing setIamPolicy permission...
[debug] [2020-06-15T04:55:02.400Z] >>> HTTP REQUEST POST https://cloudresourcemanager.googleapis.com/v1/projects/hooks-news-firebase:testIamPermissions  
 {"permissions":["cloudfunctions.functions.setIamPolicy"]}
[debug] [2020-06-15T04:55:02.708Z] <<< HTTP RESPONSE 200 {"content-type":"application/json; charset=UTF-8","vary":"X-Origin, Referer, Origin,Accept-Encoding","date":"Mon, 15 Jun 2020 04:55:02 GMT","server":"ESF","cache-control":"private","x-xss-protection":"0","x-frame-options":"SAMEORIGIN","x-content-type-options":"nosniff","server-timing":"gfet4t7; dur=201","alt-svc":"h3-27=\":443\"; ma=2592000,h3-25=\":443\"; ma=2592000,h3-T050=\":443\"; ma=2592000,h3-Q050=\":443\"; ma=2592000,h3-Q049=\":443\"; ma=2592000,h3-Q048=\":443\"; ma=2592000,h3-Q046=\":443\"; ma=2592000,h3-Q043=\":443\"; ma=2592000,quic=\":443\"; ma=2592000; v=\"46,43\"","accept-ranges":"none","transfer-encoding":"chunked"}
[debug] [2020-06-15T04:55:02.709Z] [functions] found setIamPolicy permission, proceeding with deploy
[debug] [2020-06-15T04:55:02.709Z] >>> HTTP REQUEST POST https://cloudfunctions.googleapis.com/v1/projects/hooks-news-firebase/locations/us-central1/functions:generateUploadUrl  
 
[debug] [2020-06-15T04:55:03.218Z] <<< HTTP RESPONSE 200 {"content-type":"application/json; charset=UTF-8","vary":"X-Origin, Referer, Origin,Accept-Encoding","date":"Mon, 15 Jun 2020 04:55:03 GMT","server":"ESF","cache-control":"private","x-xss-protection":"0","x-frame-options":"SAMEORIGIN","x-content-type-options":"nosniff","alt-svc":"h3-27=\":443\"; ma=2592000,h3-25=\":443\"; ma=2592000,h3-T050=\":443\"; ma=2592000,h3-Q050=\":443\"; ma=2592000,h3-Q049=\":443\"; ma=2592000,h3-Q048=\":443\"; ma=2592000,h3-Q046=\":443\"; ma=2592000,h3-Q043=\":443\"; ma=2592000,quic=\":443\"; ma=2592000; v=\"46,43\"","accept-ranges":"none","transfer-encoding":"chunked"}
[debug] [2020-06-15T04:55:03.219Z] >>> HTTP REQUEST PUT https://storage.googleapis.com/gcf-upload-us-central1-3452a6c8-fc9b-46bd-b593-8fa3bafbaa19/9a6c4002-e2d0-4be3-8d04-d4bb7015f9e7.zip?GoogleAccessId=service-868637770451@gcf-admin-robot.iam.gserviceaccount.com&Expires=1592198703&Signature=RbaUbAB0DlSQyZmcu8iIFlVc7Aye2p8uHX9OI5VfiFnfm%2Fj2SrTr0u0r8NpXTFHizS1HH4i0snQvnPYP1BmhBBkr%2FMHbeCv9wD6ZCC2vsJZjOWJpTrvLFfG5Q2fb5SYDfKn28b35CoHAZJw0qspBodlw9zvXnvs4meaSlzbxAN2BBCWqUquy1GsG2BOnZ6OMZnAO7FMIISVVg3sWEw%2FlPpY4UPcN5pQlz5Fb0Igq3MqztXj9UeUfoDfaz5oq7Sr4iVrejgd5JMrLGbemxQRwliYXOWZH51MPhotf6fCscTvp1qRwEWLwLlMh4f5SSvorEizklMOKh0hQmBUUDTOzZA%3D%3D  
 <request body omitted>
[debug] [2020-06-15T04:55:03.515Z] <<< HTTP RESPONSE 200 {"x-guploader-uploadid":"AAANsUl3VnxkViYf_N-Xs6AZNfwm2CvhYS7gidLe-eibw9Zj3R0RpYEYag7-0IoNm-s8PsB2F7cUuK4v29ROL8DNpTY","etag":"\"7547db5c3df85bc8a26363387f39733e\"","x-goog-generation":"1592196903488750","x-goog-metageneration":"1","x-goog-hash":"crc32c=XKWZYA==, md5=dUfbXD34W8iiY2M4fzlzPg==","x-goog-stored-content-length":"27615","x-goog-stored-content-encoding":"identity","vary":"Origin","content-length":"0","date":"Mon, 15 Jun 2020 04:55:03 GMT","server":"UploadServer","content-type":"text/html; charset=UTF-8","alt-svc":"h3-27=\":443\"; ma=2592000,h3-25=\":443\"; ma=2592000,h3-T050=\":443\"; ma=2592000,h3-Q050=\":443\"; ma=2592000,h3-Q049=\":443\"; ma=2592000,h3-Q048=\":443\"; ma=2592000,h3-Q046=\":443\"; ma=2592000,h3-Q043=\":443\"; ma=2592000,quic=\":443\"; ma=2592000; v=\"46,43\""}
[info] ✔  functions: functions folder uploaded successfully 
[info] i  functions: creating Node.js 8 function linksPagination(us-central1)... 
[debug] [2020-06-15T04:55:03.517Z] Trigger is:  {"httpsTrigger":{}}
[debug] [2020-06-15T04:55:03.518Z] >>> HTTP REQUEST GET https://serviceusage.googleapis.com/v1/projects/hooks-news-firebase/services/cloudscheduler.googleapis.com  
 
[debug] [2020-06-15T04:55:03.869Z] <<< HTTP RESPONSE 200 {"content-type":"application/json; charset=UTF-8","vary":"X-Origin, Referer, Origin,Accept-Encoding","date":"Mon, 15 Jun 2020 04:55:03 GMT","server":"ESF","cache-control":"private","x-xss-protection":"0","x-frame-options":"SAMEORIGIN","x-content-type-options":"nosniff","alt-svc":"h3-27=\":443\"; ma=2592000,h3-25=\":443\"; ma=2592000,h3-T050=\":443\"; ma=2592000,h3-Q050=\":443\"; ma=2592000,h3-Q049=\":443\"; ma=2592000,h3-Q048=\":443\"; ma=2592000,h3-Q046=\":443\"; ma=2592000,h3-Q043=\":443\"; ma=2592000,quic=\":443\"; ma=2592000; v=\"46,43\"","accept-ranges":"none","transfer-encoding":"chunked"}
[debug] [2020-06-15T04:55:03.871Z] >>> HTTP REQUEST POST https://cloudfunctions.googleapis.com/v1/projects/hooks-news-firebase/locations/us-central1/functions  
 {"sourceUploadUrl":"https://storage.googleapis.com/gcf-upload-us-central1-3452a6c8-fc9b-46bd-b593-8fa3bafbaa19/9a6c4002-e2d0-4be3-8d04-d4bb7015f9e7.zip?GoogleAccessId=service-868637770451@gcf-admin-robot.iam.gserviceaccount.com&Expires=1592198703&Signature=RbaUbAB0DlSQyZmcu8iIFlVc7Aye2p8uHX9OI5VfiFnfm%2Fj2SrTr0u0r8NpXTFHizS1HH4i0snQvnPYP1BmhBBkr%2FMHbeCv9wD6ZCC2vsJZjOWJpTrvLFfG5Q2fb5SYDfKn28b35CoHAZJw0qspBodlw9zvXnvs4meaSlzbxAN2BBCWqUquy1GsG2BOnZ6OMZnAO7FMIISVVg3sWEw%2FlPpY4UPcN5pQlz5Fb0Igq3MqztXj9UeUfoDfaz5oq7Sr4iVrejgd5JMrLGbemxQRwliYXOWZH51MPhotf6fCscTvp1qRwEWLwLlMh4f5SSvorEizklMOKh0hQmBUUDTOzZA%3D%3D","name":"projects/hooks-news-firebase/locations/us-central1/functions/linksPagination","entryPoint":"linksPagination","labels":{"deployment-tool":"cli-firebase"},"runtime":"nodejs8","environmentVariables":{"FIREBASE_CONFIG":"{\"projectId\":\"hooks-news-firebase\",\"databaseURL\":\"https://hooks-news-firebase.firebaseio.com\",\"storageBucket\":\"hooks-news-firebase.appspot.com\",\"locationId\":\"us-central\"}"},"httpsTrigger":{}}
[debug] [2020-06-15T04:55:04.615Z] <<< HTTP RESPONSE 200 {"content-type":"application/json; charset=UTF-8","vary":"X-Origin, Referer, Origin,Accept-Encoding","date":"Mon, 15 Jun 2020 04:55:04 GMT","server":"ESF","cache-control":"private","x-xss-protection":"0","x-frame-options":"SAMEORIGIN","x-content-type-options":"nosniff","alt-svc":"h3-27=\":443\"; ma=2592000,h3-25=\":443\"; ma=2592000,h3-T050=\":443\"; ma=2592000,h3-Q050=\":443\"; ma=2592000,h3-Q049=\":443\"; ma=2592000,h3-Q048=\":443\"; ma=2592000,h3-Q046=\":443\"; ma=2592000,h3-Q043=\":443\"; ma=2592000,quic=\":443\"; ma=2592000; v=\"46,43\"","accept-ranges":"none","transfer-encoding":"chunked"}
[debug] [2020-06-15T04:55:04.615Z] Setting public policy for function linksPagination
[debug] [2020-06-15T04:55:04.617Z] >>> HTTP REQUEST POST https://cloudfunctions.googleapis.com/v1/projects/hooks-news-firebase/locations/us-central1/functions/linksPagination:setIamPolicy  
 {"policy":{"version":3,"bindings":[{"role":"roles/cloudfunctions.invoker","members":["allUsers"]}]},"updateMask":"version,bindings"}
[debug] [2020-06-15T04:55:04.917Z] <<< HTTP RESPONSE 200 {"content-type":"application/json; charset=UTF-8","vary":"X-Origin, Referer, Origin,Accept-Encoding","date":"Mon, 15 Jun 2020 04:55:04 GMT","server":"ESF","cache-control":"private","x-xss-protection":"0","x-frame-options":"SAMEORIGIN","x-content-type-options":"nosniff","alt-svc":"h3-27=\":443\"; ma=2592000,h3-25=\":443\"; ma=2592000,h3-T050=\":443\"; ma=2592000,h3-Q050=\":443\"; ma=2592000,h3-Q049=\":443\"; ma=2592000,h3-Q048=\":443\"; ma=2592000,h3-Q046=\":443\"; ma=2592000,h3-Q043=\":443\"; ma=2592000,quic=\":443\"; ma=2592000; v=\"46,43\"","accept-ranges":"none","transfer-encoding":"chunked"}
[debug] [2020-06-15T04:55:04.918Z] >>> HTTP REQUEST GET https://cloudfunctions.googleapis.com/v1/projects/hooks-news-firebase/locations/-/functions  
 
[debug] [2020-06-15T04:55:05.345Z] <<< HTTP RESPONSE 200 {"content-type":"application/json; charset=UTF-8","vary":"X-Origin, Referer, Origin,Accept-Encoding","date":"Mon, 15 Jun 2020 04:55:05 GMT","server":"ESF","cache-control":"private","x-xss-protection":"0","x-frame-options":"SAMEORIGIN","x-content-type-options":"nosniff","alt-svc":"h3-27=\":443\"; ma=2592000,h3-25=\":443\"; ma=2592000,h3-T050=\":443\"; ma=2592000,h3-Q050=\":443\"; ma=2592000,h3-Q049=\":443\"; ma=2592000,h3-Q048=\":443\"; ma=2592000,h3-Q046=\":443\"; ma=2592000,h3-Q043=\":443\"; ma=2592000,quic=\":443\"; ma=2592000; v=\"46,43\"","accept-ranges":"none","transfer-encoding":"chunked"}
[debug] [2020-06-15T04:55:05.347Z] >>> HTTP REQUEST GET https://cloudfunctions.googleapis.com/v1/operations/aG9va3MtbmV3cy1maXJlYmFzZS91cy1jZW50cmFsMS9saW5rc1BhZ2luYXRpb24vSVhBYlVjM1dIOWM  
 
[debug] [2020-06-15T04:55:05.567Z] <<< HTTP RESPONSE 200 {"content-type":"application/json; charset=UTF-8","vary":"X-Origin, Referer, Origin,Accept-Encoding","date":"Mon, 15 Jun 2020 04:55:05 GMT","server":"ESF","cache-control":"private","x-xss-protection":"0","x-frame-options":"SAMEORIGIN","x-content-type-options":"nosniff","alt-svc":"h3-27=\":443\"; ma=2592000,h3-25=\":443\"; ma=2592000,h3-T050=\":443\"; ma=2592000,h3-Q050=\":443\"; ma=2592000,h3-Q049=\":443\"; ma=2592000,h3-Q048=\":443\"; ma=2592000,h3-Q046=\":443\"; ma=2592000,h3-Q043=\":443\"; ma=2592000,quic=\":443\"; ma=2592000; v=\"46,43\"","accept-ranges":"none","transfer-encoding":"chunked"}
[debug] [2020-06-15T04:55:07.568Z] >>> HTTP REQUEST GET https://cloudfunctions.googleapis.com/v1/operations/aG9va3MtbmV3cy1maXJlYmFzZS91cy1jZW50cmFsMS9saW5rc1BhZ2luYXRpb24vSVhBYlVjM1dIOWM  
 
[debug] [2020-06-15T04:55:07.814Z] <<< HTTP RESPONSE 200 {"content-type":"application/json; charset=UTF-8","vary":"X-Origin, Referer, Origin,Accept-Encoding","date":"Mon, 15 Jun 2020 04:55:07 GMT","server":"ESF","cache-control":"private","x-xss-protection":"0","x-frame-options":"SAMEORIGIN","x-content-type-options":"nosniff","alt-svc":"h3-27=\":443\"; ma=2592000,h3-25=\":443\"; ma=2592000,h3-T050=\":443\"; ma=2592000,h3-Q050=\":443\"; ma=2592000,h3-Q049=\":443\"; ma=2592000,h3-Q048=\":443\"; ma=2592000,h3-Q046=\":443\"; ma=2592000,h3-Q043=\":443\"; ma=2592000,quic=\":443\"; ma=2592000; v=\"46,43\"","accept-ranges":"none","transfer-encoding":"chunked"}
[debug] [2020-06-15T04:55:09.819Z] >>> HTTP REQUEST GET https://cloudfunctions.googleapis.com/v1/operations/aG9va3MtbmV3cy1maXJlYmFzZS91cy1jZW50cmFsMS9saW5rc1BhZ2luYXRpb24vSVhBYlVjM1dIOWM  
 
[debug] [2020-06-15T04:55:10.033Z] <<< HTTP RESPONSE 200 {"content-type":"application/json; charset=UTF-8","vary":"X-Origin, Referer, Origin,Accept-Encoding","date":"Mon, 15 Jun 2020 04:55:10 GMT","server":"ESF","cache-control":"private","x-xss-protection":"0","x-frame-options":"SAMEORIGIN","x-content-type-options":"nosniff","alt-svc":"h3-27=\":443\"; ma=2592000,h3-25=\":443\"; ma=2592000,h3-T050=\":443\"; ma=2592000,h3-Q050=\":443\"; ma=2592000,h3-Q049=\":443\"; ma=2592000,h3-Q048=\":443\"; ma=2592000,h3-Q046=\":443\"; ma=2592000,h3-Q043=\":443\"; ma=2592000,quic=\":443\"; ma=2592000; v=\"46,43\"","accept-ranges":"none","transfer-encoding":"chunked"}
[debug] [2020-06-15T04:55:12.037Z] >>> HTTP REQUEST GET https://cloudfunctions.googleapis.com/v1/operations/aG9va3MtbmV3cy1maXJlYmFzZS91cy1jZW50cmFsMS9saW5rc1BhZ2luYXRpb24vSVhBYlVjM1dIOWM  
 
[debug] [2020-06-15T04:55:12.275Z] <<< HTTP RESPONSE 200 {"content-type":"application/json; charset=UTF-8","vary":"X-Origin, Referer, Origin,Accept-Encoding","date":"Mon, 15 Jun 2020 04:55:12 GMT","server":"ESF","cache-control":"private","x-xss-protection":"0","x-frame-options":"SAMEORIGIN","x-content-type-options":"nosniff","alt-svc":"h3-27=\":443\"; ma=2592000,h3-25=\":443\"; ma=2592000,h3-T050=\":443\"; ma=2592000,h3-Q050=\":443\"; ma=2592000,h3-Q049=\":443\"; ma=2592000,h3-Q048=\":443\"; ma=2592000,h3-Q046=\":443\"; ma=2592000,h3-Q043=\":443\"; ma=2592000,quic=\":443\"; ma=2592000; v=\"46,43\"","accept-ranges":"none","transfer-encoding":"chunked"}
[debug] [2020-06-15T04:55:14.277Z] >>> HTTP REQUEST GET https://cloudfunctions.googleapis.com/v1/operations/aG9va3MtbmV3cy1maXJlYmFzZS91cy1jZW50cmFsMS9saW5rc1BhZ2luYXRpb24vSVhBYlVjM1dIOWM  
 
[debug] [2020-06-15T04:55:14.464Z] <<< HTTP RESPONSE 200 {"content-type":"application/json; charset=UTF-8","vary":"X-Origin, Referer, Origin,Accept-Encoding","date":"Mon, 15 Jun 2020 04:55:14 GMT","server":"ESF","cache-control":"private","x-xss-protection":"0","x-frame-options":"SAMEORIGIN","x-content-type-options":"nosniff","alt-svc":"h3-27=\":443\"; ma=2592000,h3-25=\":443\"; ma=2592000,h3-T050=\":443\"; ma=2592000,h3-Q050=\":443\"; ma=2592000,h3-Q049=\":443\"; ma=2592000,h3-Q048=\":443\"; ma=2592000,h3-Q046=\":443\"; ma=2592000,h3-Q043=\":443\"; ma=2592000,quic=\":443\"; ma=2592000; v=\"46,43\"","accept-ranges":"none","transfer-encoding":"chunked"}
[debug] [2020-06-15T04:55:16.464Z] >>> HTTP REQUEST GET https://cloudfunctions.googleapis.com/v1/operations/aG9va3MtbmV3cy1maXJlYmFzZS91cy1jZW50cmFsMS9saW5rc1BhZ2luYXRpb24vSVhBYlVjM1dIOWM  
 
[debug] [2020-06-15T04:55:16.686Z] <<< HTTP RESPONSE 200 {"content-type":"application/json; charset=UTF-8","vary":"X-Origin, Referer, Origin,Accept-Encoding","date":"Mon, 15 Jun 2020 04:55:16 GMT","server":"ESF","cache-control":"private","x-xss-protection":"0","x-frame-options":"SAMEORIGIN","x-content-type-options":"nosniff","alt-svc":"h3-27=\":443\"; ma=2592000,h3-25=\":443\"; ma=2592000,h3-T050=\":443\"; ma=2592000,h3-Q050=\":443\"; ma=2592000,h3-Q049=\":443\"; ma=2592000,h3-Q048=\":443\"; ma=2592000,h3-Q046=\":443\"; ma=2592000,h3-Q043=\":443\"; ma=2592000,quic=\":443\"; ma=2592000; v=\"46,43\"","accept-ranges":"none","transfer-encoding":"chunked"}
[debug] [2020-06-15T04:55:18.690Z] >>> HTTP REQUEST GET https://cloudfunctions.googleapis.com/v1/operations/aG9va3MtbmV3cy1maXJlYmFzZS91cy1jZW50cmFsMS9saW5rc1BhZ2luYXRpb24vSVhBYlVjM1dIOWM  
 
[debug] [2020-06-15T04:55:18.876Z] <<< HTTP RESPONSE 200 {"content-type":"application/json; charset=UTF-8","vary":"X-Origin, Referer, Origin,Accept-Encoding","date":"Mon, 15 Jun 2020 04:55:18 GMT","server":"ESF","cache-control":"private","x-xss-protection":"0","x-frame-options":"SAMEORIGIN","x-content-type-options":"nosniff","alt-svc":"h3-27=\":443\"; ma=2592000,h3-25=\":443\"; ma=2592000,h3-T050=\":443\"; ma=2592000,h3-Q050=\":443\"; ma=2592000,h3-Q049=\":443\"; ma=2592000,h3-Q048=\":443\"; ma=2592000,h3-Q046=\":443\"; ma=2592000,h3-Q043=\":443\"; ma=2592000,quic=\":443\"; ma=2592000; v=\"46,43\"","accept-ranges":"none","transfer-encoding":"chunked"}
[debug] [2020-06-15T04:55:20.876Z] >>> HTTP REQUEST GET https://cloudfunctions.googleapis.com/v1/operations/aG9va3MtbmV3cy1maXJlYmFzZS91cy1jZW50cmFsMS9saW5rc1BhZ2luYXRpb24vSVhBYlVjM1dIOWM  
 
[debug] [2020-06-15T04:55:21.082Z] <<< HTTP RESPONSE 200 {"content-type":"application/json; charset=UTF-8","vary":"X-Origin, Referer, Origin,Accept-Encoding","date":"Mon, 15 Jun 2020 04:55:21 GMT","server":"ESF","cache-control":"private","x-xss-protection":"0","x-frame-options":"SAMEORIGIN","x-content-type-options":"nosniff","alt-svc":"h3-27=\":443\"; ma=2592000,h3-25=\":443\"; ma=2592000,h3-T050=\":443\"; ma=2592000,h3-Q050=\":443\"; ma=2592000,h3-Q049=\":443\"; ma=2592000,h3-Q048=\":443\"; ma=2592000,h3-Q046=\":443\"; ma=2592000,h3-Q043=\":443\"; ma=2592000,quic=\":443\"; ma=2592000; v=\"46,43\"","accept-ranges":"none","transfer-encoding":"chunked"}
[debug] [2020-06-15T04:55:23.084Z] >>> HTTP REQUEST GET https://cloudfunctions.googleapis.com/v1/operations/aG9va3MtbmV3cy1maXJlYmFzZS91cy1jZW50cmFsMS9saW5rc1BhZ2luYXRpb24vSVhBYlVjM1dIOWM  
 
[debug] [2020-06-15T04:55:23.309Z] <<< HTTP RESPONSE 200 {"content-type":"application/json; charset=UTF-8","vary":"X-Origin, Referer, Origin,Accept-Encoding","date":"Mon, 15 Jun 2020 04:55:23 GMT","server":"ESF","cache-control":"private","x-xss-protection":"0","x-frame-options":"SAMEORIGIN","x-content-type-options":"nosniff","alt-svc":"h3-27=\":443\"; ma=2592000,h3-25=\":443\"; ma=2592000,h3-T050=\":443\"; ma=2592000,h3-Q050=\":443\"; ma=2592000,h3-Q049=\":443\"; ma=2592000,h3-Q048=\":443\"; ma=2592000,h3-Q046=\":443\"; ma=2592000,h3-Q043=\":443\"; ma=2592000,quic=\":443\"; ma=2592000; v=\"46,43\"","accept-ranges":"none","transfer-encoding":"chunked"}
[debug] [2020-06-15T04:55:25.311Z] >>> HTTP REQUEST GET https://cloudfunctions.googleapis.com/v1/operations/aG9va3MtbmV3cy1maXJlYmFzZS91cy1jZW50cmFsMS9saW5rc1BhZ2luYXRpb24vSVhBYlVjM1dIOWM  
 
[debug] [2020-06-15T04:55:25.437Z] <<< HTTP RESPONSE 200 {"content-type":"application/json; charset=UTF-8","vary":"X-Origin, Referer, Origin,Accept-Encoding","date":"Mon, 15 Jun 2020 04:55:25 GMT","server":"ESF","cache-control":"private","x-xss-protection":"0","x-frame-options":"SAMEORIGIN","x-content-type-options":"nosniff","alt-svc":"h3-27=\":443\"; ma=2592000,h3-25=\":443\"; ma=2592000,h3-T050=\":443\"; ma=2592000,h3-Q050=\":443\"; ma=2592000,h3-Q049=\":443\"; ma=2592000,h3-Q048=\":443\"; ma=2592000,h3-Q046=\":443\"; ma=2592000,h3-Q043=\":443\"; ma=2592000,quic=\":443\"; ma=2592000; v=\"46,43\"","accept-ranges":"none","transfer-encoding":"chunked"}
[debug] [2020-06-15T04:55:27.440Z] >>> HTTP REQUEST GET https://cloudfunctions.googleapis.com/v1/operations/aG9va3MtbmV3cy1maXJlYmFzZS91cy1jZW50cmFsMS9saW5rc1BhZ2luYXRpb24vSVhBYlVjM1dIOWM  
 
[debug] [2020-06-15T04:55:27.630Z] <<< HTTP RESPONSE 200 {"content-type":"application/json; charset=UTF-8","vary":"X-Origin, Referer, Origin,Accept-Encoding","date":"Mon, 15 Jun 2020 04:55:27 GMT","server":"ESF","cache-control":"private","x-xss-protection":"0","x-frame-options":"SAMEORIGIN","x-content-type-options":"nosniff","alt-svc":"h3-27=\":443\"; ma=2592000,h3-25=\":443\"; ma=2592000,h3-T050=\":443\"; ma=2592000,h3-Q050=\":443\"; ma=2592000,h3-Q049=\":443\"; ma=2592000,h3-Q048=\":443\"; ma=2592000,h3-Q046=\":443\"; ma=2592000,h3-Q043=\":443\"; ma=2592000,quic=\":443\"; ma=2592000; v=\"46,43\"","accept-ranges":"none","transfer-encoding":"chunked"}
[debug] [2020-06-15T04:55:29.632Z] >>> HTTP REQUEST GET https://cloudfunctions.googleapis.com/v1/operations/aG9va3MtbmV3cy1maXJlYmFzZS91cy1jZW50cmFsMS9saW5rc1BhZ2luYXRpb24vSVhBYlVjM1dIOWM  
 
[debug] [2020-06-15T04:55:29.855Z] <<< HTTP RESPONSE 200 {"content-type":"application/json; charset=UTF-8","vary":"X-Origin, Referer, Origin,Accept-Encoding","date":"Mon, 15 Jun 2020 04:55:29 GMT","server":"ESF","cache-control":"private","x-xss-protection":"0","x-frame-options":"SAMEORIGIN","x-content-type-options":"nosniff","alt-svc":"h3-27=\":443\"; ma=2592000,h3-25=\":443\"; ma=2592000,h3-T050=\":443\"; ma=2592000,h3-Q050=\":443\"; ma=2592000,h3-Q049=\":443\"; ma=2592000,h3-Q048=\":443\"; ma=2592000,h3-Q046=\":443\"; ma=2592000,h3-Q043=\":443\"; ma=2592000,quic=\":443\"; ma=2592000; v=\"46,43\"","accept-ranges":"none","transfer-encoding":"chunked"}
[debug] [2020-06-15T04:55:31.858Z] >>> HTTP REQUEST GET https://cloudfunctions.googleapis.com/v1/operations/aG9va3MtbmV3cy1maXJlYmFzZS91cy1jZW50cmFsMS9saW5rc1BhZ2luYXRpb24vSVhBYlVjM1dIOWM  
 
[debug] [2020-06-15T04:55:32.048Z] <<< HTTP RESPONSE 200 {"content-type":"application/json; charset=UTF-8","vary":"X-Origin, Referer, Origin,Accept-Encoding","date":"Mon, 15 Jun 2020 04:55:32 GMT","server":"ESF","cache-control":"private","x-xss-protection":"0","x-frame-options":"SAMEORIGIN","x-content-type-options":"nosniff","alt-svc":"h3-27=\":443\"; ma=2592000,h3-25=\":443\"; ma=2592000,h3-T050=\":443\"; ma=2592000,h3-Q050=\":443\"; ma=2592000,h3-Q049=\":443\"; ma=2592000,h3-Q048=\":443\"; ma=2592000,h3-Q046=\":443\"; ma=2592000,h3-Q043=\":443\"; ma=2592000,quic=\":443\"; ma=2592000; v=\"46,43\"","accept-ranges":"none","transfer-encoding":"chunked"}
[debug] [2020-06-15T04:55:34.050Z] >>> HTTP REQUEST GET https://cloudfunctions.googleapis.com/v1/operations/aG9va3MtbmV3cy1maXJlYmFzZS91cy1jZW50cmFsMS9saW5rc1BhZ2luYXRpb24vSVhBYlVjM1dIOWM  
 
[debug] [2020-06-15T04:55:34.263Z] <<< HTTP RESPONSE 200 {"content-type":"application/json; charset=UTF-8","vary":"X-Origin, Referer, Origin,Accept-Encoding","date":"Mon, 15 Jun 2020 04:55:34 GMT","server":"ESF","cache-control":"private","x-xss-protection":"0","x-frame-options":"SAMEORIGIN","x-content-type-options":"nosniff","alt-svc":"h3-27=\":443\"; ma=2592000,h3-25=\":443\"; ma=2592000,h3-T050=\":443\"; ma=2592000,h3-Q050=\":443\"; ma=2592000,h3-Q049=\":443\"; ma=2592000,h3-Q048=\":443\"; ma=2592000,h3-Q046=\":443\"; ma=2592000,h3-Q043=\":443\"; ma=2592000,quic=\":443\"; ma=2592000; v=\"46,43\"","accept-ranges":"none","transfer-encoding":"chunked"}
[debug] [2020-06-15T04:55:36.267Z] >>> HTTP REQUEST GET https://cloudfunctions.googleapis.com/v1/operations/aG9va3MtbmV3cy1maXJlYmFzZS91cy1jZW50cmFsMS9saW5rc1BhZ2luYXRpb24vSVhBYlVjM1dIOWM  
 
[debug] [2020-06-15T04:55:36.451Z] <<< HTTP RESPONSE 200 {"content-type":"application/json; charset=UTF-8","vary":"X-Origin, Referer, Origin,Accept-Encoding","date":"Mon, 15 Jun 2020 04:55:36 GMT","server":"ESF","cache-control":"private","x-xss-protection":"0","x-frame-options":"SAMEORIGIN","x-content-type-options":"nosniff","alt-svc":"h3-27=\":443\"; ma=2592000,h3-25=\":443\"; ma=2592000,h3-T050=\":443\"; ma=2592000,h3-Q050=\":443\"; ma=2592000,h3-Q049=\":443\"; ma=2592000,h3-Q048=\":443\"; ma=2592000,h3-Q046=\":443\"; ma=2592000,h3-Q043=\":443\"; ma=2592000,quic=\":443\"; ma=2592000; v=\"46,43\"","accept-ranges":"none","transfer-encoding":"chunked"}
[debug] [2020-06-15T04:55:38.453Z] >>> HTTP REQUEST GET https://cloudfunctions.googleapis.com/v1/operations/aG9va3MtbmV3cy1maXJlYmFzZS91cy1jZW50cmFsMS9saW5rc1BhZ2luYXRpb24vSVhBYlVjM1dIOWM  
 
[debug] [2020-06-15T04:55:38.678Z] <<< HTTP RESPONSE 200 {"content-type":"application/json; charset=UTF-8","vary":"X-Origin, Referer, Origin,Accept-Encoding","date":"Mon, 15 Jun 2020 04:55:38 GMT","server":"ESF","cache-control":"private","x-xss-protection":"0","x-frame-options":"SAMEORIGIN","x-content-type-options":"nosniff","alt-svc":"h3-27=\":443\"; ma=2592000,h3-25=\":443\"; ma=2592000,h3-T050=\":443\"; ma=2592000,h3-Q050=\":443\"; ma=2592000,h3-Q049=\":443\"; ma=2592000,h3-Q048=\":443\"; ma=2592000,h3-Q046=\":443\"; ma=2592000,h3-Q043=\":443\"; ma=2592000,quic=\":443\"; ma=2592000; v=\"46,43\"","accept-ranges":"none","transfer-encoding":"chunked"}
[debug] [2020-06-15T04:55:40.682Z] >>> HTTP REQUEST GET https://cloudfunctions.googleapis.com/v1/operations/aG9va3MtbmV3cy1maXJlYmFzZS91cy1jZW50cmFsMS9saW5rc1BhZ2luYXRpb24vSVhBYlVjM1dIOWM  
 
[debug] [2020-06-15T04:55:40.903Z] <<< HTTP RESPONSE 200 {"content-type":"application/json; charset=UTF-8","vary":"X-Origin, Referer, Origin,Accept-Encoding","date":"Mon, 15 Jun 2020 04:55:40 GMT","server":"ESF","cache-control":"private","x-xss-protection":"0","x-frame-options":"SAMEORIGIN","x-content-type-options":"nosniff","alt-svc":"h3-27=\":443\"; ma=2592000,h3-25=\":443\"; ma=2592000,h3-T050=\":443\"; ma=2592000,h3-Q050=\":443\"; ma=2592000,h3-Q049=\":443\"; ma=2592000,h3-Q048=\":443\"; ma=2592000,h3-Q046=\":443\"; ma=2592000,h3-Q043=\":443\"; ma=2592000,quic=\":443\"; ma=2592000; v=\"46,43\"","accept-ranges":"none","transfer-encoding":"chunked"}
[debug] [2020-06-15T04:55:42.908Z] >>> HTTP REQUEST GET https://cloudfunctions.googleapis.com/v1/operations/aG9va3MtbmV3cy1maXJlYmFzZS91cy1jZW50cmFsMS9saW5rc1BhZ2luYXRpb24vSVhBYlVjM1dIOWM  
 
[debug] [2020-06-15T04:55:43.132Z] <<< HTTP RESPONSE 200 {"content-type":"application/json; charset=UTF-8","vary":"X-Origin, Referer, Origin,Accept-Encoding","date":"Mon, 15 Jun 2020 04:55:43 GMT","server":"ESF","cache-control":"private","x-xss-protection":"0","x-frame-options":"SAMEORIGIN","x-content-type-options":"nosniff","alt-svc":"h3-27=\":443\"; ma=2592000,h3-25=\":443\"; ma=2592000,h3-T050=\":443\"; ma=2592000,h3-Q050=\":443\"; ma=2592000,h3-Q049=\":443\"; ma=2592000,h3-Q048=\":443\"; ma=2592000,h3-Q046=\":443\"; ma=2592000,h3-Q043=\":443\"; ma=2592000,quic=\":443\"; ma=2592000; v=\"46,43\"","accept-ranges":"none","transfer-encoding":"chunked"}
[debug] [2020-06-15T04:55:45.133Z] >>> HTTP REQUEST GET https://cloudfunctions.googleapis.com/v1/operations/aG9va3MtbmV3cy1maXJlYmFzZS91cy1jZW50cmFsMS9saW5rc1BhZ2luYXRpb24vSVhBYlVjM1dIOWM  
 
[debug] [2020-06-15T04:55:45.287Z] <<< HTTP RESPONSE 200 {"content-type":"application/json; charset=UTF-8","vary":"X-Origin, Referer, Origin,Accept-Encoding","date":"Mon, 15 Jun 2020 04:55:45 GMT","server":"ESF","cache-control":"private","x-xss-protection":"0","x-frame-options":"SAMEORIGIN","x-content-type-options":"nosniff","alt-svc":"h3-27=\":443\"; ma=2592000,h3-25=\":443\"; ma=2592000,h3-T050=\":443\"; ma=2592000,h3-Q050=\":443\"; ma=2592000,h3-Q049=\":443\"; ma=2592000,h3-Q048=\":443\"; ma=2592000,h3-Q046=\":443\"; ma=2592000,h3-Q043=\":443\"; ma=2592000,quic=\":443\"; ma=2592000; v=\"46,43\"","accept-ranges":"none","transfer-encoding":"chunked"}
[debug] [2020-06-15T04:55:47.287Z] >>> HTTP REQUEST GET https://cloudfunctions.googleapis.com/v1/operations/aG9va3MtbmV3cy1maXJlYmFzZS91cy1jZW50cmFsMS9saW5rc1BhZ2luYXRpb24vSVhBYlVjM1dIOWM  
 
[debug] [2020-06-15T04:55:47.493Z] <<< HTTP RESPONSE 200 {"content-type":"application/json; charset=UTF-8","vary":"X-Origin, Referer, Origin,Accept-Encoding","date":"Mon, 15 Jun 2020 04:55:47 GMT","server":"ESF","cache-control":"private","x-xss-protection":"0","x-frame-options":"SAMEORIGIN","x-content-type-options":"nosniff","alt-svc":"h3-27=\":443\"; ma=2592000,h3-25=\":443\"; ma=2592000,h3-T050=\":443\"; ma=2592000,h3-Q050=\":443\"; ma=2592000,h3-Q049=\":443\"; ma=2592000,h3-Q048=\":443\"; ma=2592000,h3-Q046=\":443\"; ma=2592000,h3-Q043=\":443\"; ma=2592000,quic=\":443\"; ma=2592000; v=\"46,43\"","accept-ranges":"none","transfer-encoding":"chunked"}
[debug] [2020-06-15T04:55:49.497Z] >>> HTTP REQUEST GET https://cloudfunctions.googleapis.com/v1/operations/aG9va3MtbmV3cy1maXJlYmFzZS91cy1jZW50cmFsMS9saW5rc1BhZ2luYXRpb24vSVhBYlVjM1dIOWM  
 
[debug] [2020-06-15T04:55:49.708Z] <<< HTTP RESPONSE 200 {"content-type":"application/json; charset=UTF-8","vary":"X-Origin, Referer, Origin,Accept-Encoding","date":"Mon, 15 Jun 2020 04:55:49 GMT","server":"ESF","cache-control":"private","x-xss-protection":"0","x-frame-options":"SAMEORIGIN","x-content-type-options":"nosniff","alt-svc":"h3-27=\":443\"; ma=2592000,h3-25=\":443\"; ma=2592000,h3-T050=\":443\"; ma=2592000,h3-Q050=\":443\"; ma=2592000,h3-Q049=\":443\"; ma=2592000,h3-Q048=\":443\"; ma=2592000,h3-Q046=\":443\"; ma=2592000,h3-Q043=\":443\"; ma=2592000,quic=\":443\"; ma=2592000; v=\"46,43\"","accept-ranges":"none","transfer-encoding":"chunked"}
[debug] [2020-06-15T04:55:51.710Z] >>> HTTP REQUEST GET https://cloudfunctions.googleapis.com/v1/operations/aG9va3MtbmV3cy1maXJlYmFzZS91cy1jZW50cmFsMS9saW5rc1BhZ2luYXRpb24vSVhBYlVjM1dIOWM  
 
[debug] [2020-06-15T04:55:51.890Z] <<< HTTP RESPONSE 200 {"content-type":"application/json; charset=UTF-8","vary":"X-Origin, Referer, Origin,Accept-Encoding","date":"Mon, 15 Jun 2020 04:55:51 GMT","server":"ESF","cache-control":"private","x-xss-protection":"0","x-frame-options":"SAMEORIGIN","x-content-type-options":"nosniff","alt-svc":"h3-27=\":443\"; ma=2592000,h3-25=\":443\"; ma=2592000,h3-T050=\":443\"; ma=2592000,h3-Q050=\":443\"; ma=2592000,h3-Q049=\":443\"; ma=2592000,h3-Q048=\":443\"; ma=2592000,h3-Q046=\":443\"; ma=2592000,h3-Q043=\":443\"; ma=2592000,quic=\":443\"; ma=2592000; v=\"46,43\"","accept-ranges":"none","transfer-encoding":"chunked"}
[debug] [2020-06-15T04:55:53.892Z] >>> HTTP REQUEST GET https://cloudfunctions.googleapis.com/v1/operations/aG9va3MtbmV3cy1maXJlYmFzZS91cy1jZW50cmFsMS9saW5rc1BhZ2luYXRpb24vSVhBYlVjM1dIOWM  
 
[debug] [2020-06-15T04:55:54.144Z] <<< HTTP RESPONSE 200 {"content-type":"application/json; charset=UTF-8","vary":"X-Origin, Referer, Origin,Accept-Encoding","date":"Mon, 15 Jun 2020 04:55:54 GMT","server":"ESF","cache-control":"private","x-xss-protection":"0","x-frame-options":"SAMEORIGIN","x-content-type-options":"nosniff","alt-svc":"h3-27=\":443\"; ma=2592000,h3-25=\":443\"; ma=2592000,h3-T050=\":443\"; ma=2592000,h3-Q050=\":443\"; ma=2592000,h3-Q049=\":443\"; ma=2592000,h3-Q048=\":443\"; ma=2592000,h3-Q046=\":443\"; ma=2592000,h3-Q043=\":443\"; ma=2592000,quic=\":443\"; ma=2592000; v=\"46,43\"","accept-ranges":"none","transfer-encoding":"chunked"}
